<?xml version="1.0" encoding="UTF-8"?>
<!-- Generated by org.testng.reporters.JUnitReportReporter -->
<testsuite hostname="TYSS-Varsha-V" failures="0" tests="4" name="org.automation.testscripts.RegistrationTestCase" time="31.520" errors="0" timestamp="2024-02-07T15:04:14 IST" skipped="0">
  <testcase classname="org.automation.testscripts.RegistrationTestCase" name="Register" time="8.273"/>
  <system-out>
    <![CDATA[Registration successful]]>
  </system-out>
  <testcase classname="org.automation.testscripts.RegistrationTestCase" name="Register" time="6.992"/>
  <system-out>
    <![CDATA[Registration successful]]>
  </system-out>
  <testcase classname="org.automation.testscripts.RegistrationTestCase" name="Register" time="8.385"/>
  <system-out>
    <![CDATA[Registration successful]]>
  </system-out>
  <testcase classname="org.automation.testscripts.RegistrationTestCase" name="Register" time="7.870"/>
  <system-out>
    <![CDATA[Registration successful]]>
  </system-out>
</testsuite> <!-- org.automation.testscripts.RegistrationTestCase -->
