<?xml version="1.0" encoding="UTF-8"?>
<!-- Generated by org.testng.reporters.JUnitReportReporter -->
<testsuite hostname="TYSS-Varsha-V" failures="0" tests="1" name="org.automation.testscripts.addToCartTestCase" time="14.967" errors="0" timestamp="2024-02-07T15:04:14 IST" skipped="0">
  <testcase classname="org.automation.testscripts.addToCartTestCase" name="addToCart" time="14.967"/>
  <system-out>
    <![CDATA[Product is removed successfully from cart]]>
  </system-out>
</testsuite> <!-- org.automation.testscripts.addToCartTestCase -->
