<?xml version="1.0" encoding="UTF-8"?>
<!-- Generated by org.testng.reporters.JUnitReportReporter -->
<testsuite hostname="TYSS-Varsha-V" failures="0" tests="1" name="org.automation.testscripts.WishlistTestCase" time="8.440" errors="0" timestamp="2024-02-07T15:04:14 IST" skipped="0">
  <testcase classname="org.automation.testscripts.WishlistTestCase" name="addToWishlistTestCase" time="8.440"/>
  <system-out>
    <![CDATA[Books page displayed
Product added to wishlist
Product added successfully
Wishlist page is displayed
Product removed from wishlist]]>
  </system-out>
</testsuite> <!-- org.automation.testscripts.WishlistTestCase -->
